14:17:57 - "scalac" is not found on the PATH.  Scala files will not be recompiled
14:18:12 - !! Modified jar detected. Unpredictable results !!
14:22:45 - 'runtime\bin\applydiff.exe -p1 -u -i ..\..\temp\temp.patch -d src\minecraft' failed : 1
14:22:45 - 
14:22:45 - == ERRORS FOUND ==
14:22:45 - 
14:22:45 - 3 out of 3 hunks FAILED -- saving rejects to file 'net\minecraft\world\World.java.rej'
14:22:45 - ==================
14:22:45 - 
14:22:45 - 'runtime\bin\applydiff.exe -p1 -u -i ..\..\temp\temp.patch -d src\minecraft' failed : 1
14:22:45 - 
14:22:45 - == ERRORS FOUND ==
14:22:45 - 
14:22:45 - 1 out of 1 hunk FAILED -- saving rejects to file 'net\minecraft\world\gen\feature\WorldGenDeser#'
14:22:45 - ==================
14:22:45 - 
14:22:45 - 'runtime\bin\applydiff.exe -p1 -u -i ..\..\temp\temp.patch -d src\minecraft' failed : 1
14:22:45 - 
14:22:45 - == ERRORS FOUND ==
14:22:45 - 
14:22:45 - 1 out of 1 hunk FAILED -- saving rejects to file 'net\minecraft\network\EnumConnectio#'
14:22:45 - ==================
14:22:45 - 
14:22:46 - 'runtime\bin\applydiff.exe -p1 -u -i ..\..\temp\temp.patch -d src\minecraft' failed : 1
14:22:46 - 
14:22:46 - == ERRORS FOUND ==
14:22:46 - 
14:22:46 - 1 out of 1 hunk FAILED -- saving rejects to file 'net\minecraft\item\ItemMap.java#'
14:22:46 - ==================
14:22:46 - 
14:22:46 - 'runtime\bin\applydiff.exe -p1 -u -i ..\..\temp\temp.patch -d src\minecraft' failed : 1
14:22:46 - 
14:22:46 - == ERRORS FOUND ==
14:22:46 - 
14:22:46 - 1 out of 1 hunk FAILED -- saving rejects to file 'net\minecraft\block\state\BlockState.ja#'
14:22:46 - ==================
14:22:46 - 
14:22:46 - 'runtime\bin\applydiff.exe -p1 -u -i ..\..\temp\temp.patch -d src\minecraft' failed : 1
14:22:46 - 
14:22:46 - == ERRORS FOUND ==
14:22:46 - 
14:22:46 - 1 out of 1 hunk FAILED -- saving rejects to file 'net\minecraft\client\renderer\block\statemap\StateMap.java#'
14:22:46 - ==================
14:22:46 - 
14:22:46 - 'runtime\bin\applydiff.exe -p1 -u -i ..\..\temp\temp.patch -d src\minecraft' failed : 1
14:22:46 - 
14:22:46 - == ERRORS FOUND ==
14:22:46 - 
14:22:46 - 1 out of 2 hunks FAILED -- saving rejects to file 'net\minecraft\client\renderer\texture\TextureManage#'
14:22:46 - ==================
14:22:46 - 
14:22:46 - 'runtime\bin\applydiff.exe -p1 -u -i ..\..\temp\temp.patch -d src\minecraft' failed : 1
14:22:46 - 
14:22:46 - == ERRORS FOUND ==
14:22:46 - 
14:22:46 - 1 out of 2 hunks FAILED -- saving rejects to file 'net\minecraft\util\ThreadSafeBou#'
14:22:46 - ==================
14:22:46 - 
14:22:47 - 'runtime\bin\applydiff.exe -p1 -u -i ..\..\temp\temp.patch -d src\minecraft' failed : 1
14:22:47 - 
14:22:47 - == ERRORS FOUND ==
14:22:47 - 
14:22:47 - 1 out of 1 hunk FAILED -- saving rejects to file 'net\minecraft\client\gui\GuiSnooper.ja#'
14:22:47 - ==================
14:22:47 - 
14:22:47 - 'runtime\bin\applydiff.exe -p1 -u -i ..\..\temp\temp.patch -d src\minecraft' failed : 1
14:22:47 - 
14:22:47 - == ERRORS FOUND ==
14:22:47 - 
14:22:47 - 3 out of 3 hunks FAILED -- saving rejects to file 'net\minecraft\client\renderer\BlockModelSha#'
14:22:47 - ==================
14:22:47 - 
14:22:47 - 'runtime\bin\applydiff.exe -p1 -u -i ..\..\temp\temp.patch -d src\minecraft' failed : 1
14:22:47 - 
14:22:47 - == ERRORS FOUND ==
14:22:47 - 
14:22:47 - 1 out of 1 hunk FAILED -- saving rejects to file 'net\minecraft\client\resources\ResourcePackR#'
14:22:47 - ==================
14:22:47 - 
14:22:47 - 'runtime\bin\applydiff.exe -p1 -u -i ..\..\temp\temp.patch -d src\minecraft' failed : 1
14:22:47 - 
14:22:47 - == ERRORS FOUND ==
14:22:47 - 
14:22:47 - 2 out of 2 hunks FAILED -- saving rejects to file 'net\minecraft\client\particle\EffectRendere#'
14:22:47 - ==================
14:22:47 - 
14:22:47 - 'runtime\bin\applydiff.exe -p1 -u -i ..\..\temp\temp.patch -d src\minecraft' failed : 1
14:22:47 - 
14:22:47 - == ERRORS FOUND ==
14:22:47 - 
14:22:47 - 1 out of 1 hunk FAILED -- saving rejects to file 'net\minecraft\entity\ai\EntityAIEatGr#'
14:22:47 - ==================
14:22:47 - 
14:22:48 - 'runtime\bin\applydiff.exe -p1 -u -i ..\..\temp\temp.patch -d src\minecraft' failed : 1
14:22:48 - 
14:22:48 - == ERRORS FOUND ==
14:22:48 - 
14:22:48 - 1 out of 1 hunk FAILED -- saving rejects to file 'net\minecraft\item\ItemSlab.java#'
14:22:48 - ==================
14:22:48 - 
14:22:48 - 'runtime\bin\applydiff.exe -p1 -u -i ..\..\temp\temp.patch -d src\minecraft' failed : 1
14:22:48 - 
14:22:48 - == ERRORS FOUND ==
14:22:48 - 
14:22:48 - 1 out of 1 hunk FAILED -- saving rejects to file 'net\minecraft\entity\ai\EntityAIAvoid#'
14:22:48 - ==================
14:22:48 - 
14:22:48 - 'runtime\bin\applydiff.exe -p1 -u -i ..\..\temp\temp.patch -d src\minecraft' failed : 1
14:22:48 - 
14:22:48 - == ERRORS FOUND ==
14:22:48 - 
14:22:48 - 1 out of 1 hunk FAILED -- saving rejects to file 'net\minecraft\util\MessageSerial#'
14:22:48 - ==================
14:22:48 - 
14:22:49 - 'runtime\bin\applydiff.exe -p1 -u -i ..\..\temp\temp.patch -d src\minecraft' failed : 1
14:22:49 - 
14:22:49 - == ERRORS FOUND ==
14:22:49 - 
14:22:49 - 1 out of 1 hunk FAILED -- saving rejects to file 'net\minecraft\client\renderer\entity\RenderManager#'
14:22:49 - ==================
14:22:49 - 
14:22:49 - 'runtime\bin\applydiff.exe -p1 -u -i ..\..\temp\temp.patch -d src\minecraft' failed : 1
14:22:49 - 
14:22:49 - == ERRORS FOUND ==
14:22:49 - 
14:22:49 - 2 out of 3 hunks FAILED -- saving rejects to file 'net\minecraft\util\ClassInherita#'
14:22:49 - ==================
14:22:49 - 
14:22:49 - 'runtime\bin\applydiff.exe -p1 -u -i ..\..\temp\temp.patch -d src\minecraft' failed : 1
14:22:49 - 
14:22:49 - == ERRORS FOUND ==
14:22:49 - 
14:22:49 - 1 out of 1 hunk FAILED -- saving rejects to file 'net\minecraft\client\renderer\tileentity\TileEntityRen#'
14:22:49 - ==================
14:22:49 - 
14:22:49 - 'runtime\bin\applydiff.exe -p1 -u -i ..\..\temp\temp.patch -d src\minecraft' failed : 1
14:22:49 - 
14:22:49 - == ERRORS FOUND ==
14:22:49 - 
14:22:49 - 1 out of 1 hunk FAILED -- saving rejects to file 'net\minecraft\world\gen\layer\GenLayer.java#'
14:22:49 - ==================
14:22:49 - 
14:22:49 - 'runtime\bin\applydiff.exe -p1 -u -i ..\..\temp\temp.patch -d src\minecraft' failed : 1
14:22:49 - 
14:22:49 - == ERRORS FOUND ==
14:22:49 - 
14:22:49 - 1 out of 1 hunk FAILED -- saving rejects to file 'net\minecraft\client\resources\SimpleResourc#'
14:22:49 - ==================
14:22:49 - 
14:22:49 - 'runtime\bin\applydiff.exe -p1 -u -i ..\..\temp\temp.patch -d src\minecraft' failed : 1
14:22:49 - 
14:22:49 - == ERRORS FOUND ==
14:22:49 - 
14:22:49 - 1 out of 1 hunk FAILED -- saving rejects to file 'net\minecraft\scoreboard\Scoreboard.ja#'
14:22:49 - ==================
14:22:49 - 
14:22:50 - 'runtime\bin\applydiff.exe -p1 -u -i ..\..\temp\temp.patch -d src\minecraft' failed : 1
14:22:50 - 
14:22:50 - == ERRORS FOUND ==
14:22:50 - 
14:22:50 - 1 out of 1 hunk ignored -- saving rejects to file 'net\minecraft\client\gui\GuiPageButton#'
14:22:50 - ==================
14:22:50 - 
14:22:50 - 'runtime\bin\applydiff.exe -p1 -u -i ..\..\temp\temp.patch -d src\minecraft' failed : 1
14:22:50 - 
14:22:50 - == ERRORS FOUND ==
14:22:50 - 
14:22:50 - 4 out of 5 hunks FAILED -- saving rejects to file 'net\minecraft\world\gen\structure\StructureMine#'
14:22:50 - ==================
14:22:50 - 
14:22:50 - 'runtime\bin\applydiff.exe -p1 -u -i ..\..\temp\temp.patch -d src\minecraft' failed : 1
14:22:50 - 
14:22:50 - == ERRORS FOUND ==
14:22:50 - 
14:22:50 - 1 out of 1 hunk FAILED -- saving rejects to file 'net\minecraft\util\HttpUtil.java#'
14:22:50 - ==================
14:22:50 - 
14:22:50 - 'runtime\bin\applydiff.exe -p1 -u -i ..\..\temp\temp.patch -d src\minecraft' failed : 1
14:22:50 - 
14:22:50 - == ERRORS FOUND ==
14:22:50 - 
14:22:50 - 1 out of 1 hunk FAILED -- saving rejects to file 'net\minecraft\client\renderer\EntityRendere#'
14:22:50 - ==================
14:22:50 - 
14:22:50 - 'runtime\bin\applydiff.exe -p1 -u -i ..\..\temp\temp.patch -d src\minecraft' failed : 1
14:22:50 - 
14:22:50 - == ERRORS FOUND ==
14:22:50 - 
14:22:50 - 1 out of 1 hunk FAILED -- saving rejects to file 'net\minecraft\util\Cartesian.jav#'
14:22:50 - ==================
14:22:50 - 
14:22:51 - 'runtime\bin\applydiff.exe -p1 -u -i ..\..\temp\temp.patch -d src\minecraft' failed : 1
14:22:51 - 
14:22:51 - == ERRORS FOUND ==
14:22:51 - 
14:22:51 - 6 out of 6 hunks FAILED -- saving rejects to file 'net\minecraft\command\PlayerSelecto#'
14:22:51 - ==================
14:22:51 - 
14:22:51 - 'runtime\bin\applydiff.exe -p1 -u -i ..\..\temp\temp.patch -d src\minecraft' failed : 1
14:22:51 - 
14:22:51 - == ERRORS FOUND ==
14:22:51 - 
14:22:51 - 1 out of 1 hunk FAILED -- saving rejects to file 'net\minecraft\inventory\ContainerPlay#'
14:22:51 - ==================
14:22:51 - 
14:22:51 - 'runtime\bin\applydiff.exe -p1 -u -i ..\..\temp\temp.patch -d src\minecraft' failed : 1
14:22:51 - 
14:22:51 - == ERRORS FOUND ==
14:22:51 - 
14:22:51 - 1 out of 1 hunk FAILED -- saving rejects to file 'net\minecraft\util\EnumTypeAdapt#'
14:22:51 - ==================
14:22:51 - 
14:22:52 - 'runtime\bin\applydiff.exe -p1 -u -i ..\..\temp\temp.patch -d src\minecraft' failed : 1
14:22:52 - 
14:22:52 - == ERRORS FOUND ==
14:22:52 - 
14:22:52 - 2 out of 3 hunks FAILED -- saving rejects to file 'net\minecraft\client\Minecraft.jav#'
14:22:52 - ==================
14:22:52 - 
14:22:52 - 'runtime\bin\applydiff.exe -p1 -u -i ..\..\temp\temp.patch -d src\minecraft' failed : 1
14:22:52 - 
14:22:52 - == ERRORS FOUND ==
14:22:52 - 
14:22:52 - 1 out of 1 hunk FAILED -- saving rejects to file 'net\minecraft\client\renderer\entity\RendererLivin#'
14:22:52 - ==================
14:22:52 - 
14:23:46 - !! Missing server jar file. Aborting !!
14:23:55 - '"C:\Program Files\Java\jdk1.8.0_231\bin\javac" -Xlint:-options -deprecation -g -source 1.6 -target 1.6 -classpath "jars\versions\1.8.9\1.8.9.jar;lib;lib\*;jars\libraries\net\java\jinput\jinput\2.0.5\jinput-2.0.5.jar;jars\libraries\org\lwjgl\lwjgl\lwjgl-platform\2.9.4-nightly-20150209\lwjgl-platform-2.9.4-nightly-20150209-natives-windows.jar;jars\libraries\com\ibm\icu\icu4j-core-mojang\51.2\icu4j-core-mojang-51.2.jar;jars\libraries\tv\twitch\twitch-external-platform\4.5\twitch-external-platform-4.5-natives-windows-64.jar;jars\libraries\org\apache\httpcomponents\httpcore\4.3.2\httpcore-4.3.2.jar;jars\libraries\org\apache\logging\log4j\log4j-api\2.0-beta9\log4j-api-2.0-beta9.jar;jars\libraries\org\apache\commons\commons-lang3\3.3.2\commons-lang3-3.3.2.jar;jars\libraries\net\java\dev\jna\jna\3.4.0\jna-3.4.0.jar;jars\libraries\com\paulscode\libraryjavasound\20101123\libraryjavasound-20101123.jar;jars\libraries\net\sf\jopt-simple\jopt-simple\4.6\jopt-simple-4.6.jar;jars\libraries\com\google\guava\guava\17.0\guava-17.0.jar;jars\libraries\oshi-project\oshi-core\1.1\oshi-core-1.1.jar;jars\libraries\org\apache\httpcomponents\httpclient\4.3.3\httpclient-4.3.3.jar;jars\libraries\org\apache\commons\commons-compress\1.8.1\commons-compress-1.8.1.jar;jars\libraries\net\java\dev\jna\platform\3.4.0\platform-3.4.0.jar;jars\libraries\com\paulscode\codecjorbis\20101023\codecjorbis-20101023.jar;jars\libraries\com\paulscode\soundsystem\20120107\soundsystem-20120107.jar;jars\libraries\com\paulscode\librarylwjglopenal\20100824\librarylwjglopenal-20100824.jar;jars\libraries\org\lwjgl\lwjgl\lwjgl_util\2.9.4-nightly-20150209\lwjgl_util-2.9.4-nightly-20150209.jar;jars\libraries\commons-codec\commons-codec\1.9\commons-codec-1.9.jar;jars\libraries\net\java\jutils\jutils\1.0.0\jutils-1.0.0.jar;jars\libraries\commons-logging\commons-logging\1.1.3\commons-logging-1.1.3.jar;jars\libraries\org\lwjgl\lwjgl\lwjgl\2.9.4-nightly-20150209\lwjgl-2.9.4-nightly-20150209.jar;jars\libraries\commons-io\commons-io\2.4\commons-io-2.4.jar;jars\libraries\com\mojang\realms\1.7.59\realms-1.7.59.jar;jars\libraries\com\mojang\authlib\1.5.21\authlib-1.5.21.jar;jars\libraries\com\google\code\gson\gson\2.2.4\gson-2.2.4.jar;jars\libraries\com\mojang\netty\1.6\netty-1.6.jar;jars\libraries\tv\twitch\twitch\6.5\twitch-6.5.jar;jars\libraries\com\paulscode\codecwav\20101023\codecwav-20101023.jar;jars\libraries\tv\twitch\twitch-platform\6.5\twitch-platform-6.5-natives-windows-64.jar;jars\libraries\net\java\jinput\jinput-platform\2.0.5\jinput-platform-2.0.5-natives-windows.jar;jars\libraries\org\apache\logging\log4j\log4j-core\2.0-beta9\log4j-core-2.0-beta9.jar;jars\libraries\io\netty\netty-all\4.0.23.Final\netty-all-4.0.23.Final.jar" -sourcepath src\minecraft -d bin\minecraft @temp\java_src_client.txt' failed : 1
14:23:55 - 
14:23:55 - == ERRORS FOUND in JAVA CODE ==
14:23:55 - 
14:23:55 - src\minecraft\net\minecraft\block\BlockNote.java:19: error: ')' expected
14:23:55 -     private static final List<String> INSTRUMENTS = Lists.newArrayList((Object[])("harp", "bd", "snare", "hat", "bassattack"));
14:23:55 -                                                                                         ^
14:23:55 - 
14:23:55 - src\minecraft\net\minecraft\block\BlockNote.java:19: error: ';' expected
14:23:55 -     private static final List<String> INSTRUMENTS = Lists.newArrayList((Object[])("harp", "bd", "snare", "hat", "bassattack"));
14:23:55 -                                                                                                                              ^
14:23:55 - 
14:23:55 - src\minecraft\net\minecraft\client\Minecraft.java:3401: error: ')' expected
14:23:55 -         macDisplayModes = Lists.newArrayList((Object[])(new DisplayMode(2560, 1600), new DisplayMode(2880, 1800)));
14:23:55 -                                                                                    ^
14:23:55 - 
14:23:55 - src\minecraft\net\minecraft\client\Minecraft.java:3401: error: ';' expected
14:23:55 -         macDisplayModes = Lists.newArrayList((Object[])(new DisplayMode(2560, 1600), new DisplayMode(2880, 1800)));
14:23:55 -                                                                                                                  ^
14:23:55 - 
14:23:55 - src\minecraft\net\minecraft\client\gui\GuiOverlayDebug.java:174: error: ')' expected
14:23:55 -             return Lists.newArrayList((Object[])("Minecraft 1.8.9 (" + this.mc.getVersion() + "/" + ClientBrandRetriever.getClientModName() + ")", this.mc.debug, this.mc.renderGlobal.getDebugInfoRenders(), this.mc.renderGlobal.getDebugInfoEntities(), "P: " + this.mc.effectRenderer.getStatistics() + ". T: " + this.mc.theWorld.getDebugLoadedEntities() + ofInfo, this.mc.theWorld.getProviderName(), "", String.format("Chunk-relative: %d %d %d", blockpos.getX() & 15, blockpos.getY() & 15, blockpos.getZ() & 15)));
14:23:55 -                                                                                                                                                  ^
14:23:56 - 
14:23:56 - src\minecraft\net\minecraft\client\gui\GuiOverlayDebug.java:174: error: ';' expected
14:23:56 -             return Lists.newArrayList((Object[])("Minecraft 1.8.9 (" + this.mc.getVersion() + "/" + ClientBrandRetriever.getClientModName() + ")", this.mc.debug, this.mc.renderGlobal.getDebugInfoRenders(), this.mc.renderGlobal.getDebugInfoEntities(), "P: " + this.mc.effectRenderer.getStatistics() + ". T: " + this.mc.theWorld.getDebugLoadedEntities() + ofInfo, this.mc.theWorld.getProviderName(), "", String.format("Chunk-relative: %d %d %d", blockpos.getX() & 15, blockpos.getY() & 15, blockpos.getZ() & 15)));
14:23:56 -                                                                                                                                                                                                                                                                                                                                                                                                                                                                                                                               ^
14:23:56 - 
14:23:56 - src\minecraft\net\minecraft\client\gui\GuiOverlayDebug.java:200: error: ')' expected
14:23:56 -             List<String> list = Lists.newArrayList((Object[])("Minecraft 1.8.9 (" + this.mc.getVersion() + "/" + ClientBrandRetriever.getClientModName() + ")", this.mc.debug, this.mc.renderGlobal.getDebugInfoRenders(), this.mc.renderGlobal.getDebugInfoEntities(), "P: " + this.mc.effectRenderer.getStatistics() + ". T: " + this.mc.theWorld.getDebugLoadedEntities() + ofInfo, this.mc.theWorld.getProviderName(), "", String.format("XYZ: %.3f / %.5f / %.3f", this.mc.getRenderViewEntity().posX, this.mc.getRenderViewEntity().getEntityBoundingBox().minY, this.mc.getRenderViewEntity().posZ), String.format("Block: %d %d %d", blockpos.getX(), blockpos.getY(), blockpos.getZ()), String.format("Chunk: %d %d %d in %d %d %d", blockpos.getX() & 15, blockpos.getY() & 15, blockpos.getZ() & 15, blockpos.getX() >> 4, blockpos.getY() >> 4, blockpos.getZ() >> 4), String.format("Facing: %s (%s) (%.1f / %.1f)", enumfacing, s, MathHelper.wrapAngleTo180_float(entity.rotationYaw), MathHelper.wrapAngleTo180_float(entity.rotationPitch))));
14:23:56 -                                                                                                                                                               ^
14:23:56 - 
14:23:56 - src\minecraft\net\minecraft\client\gui\GuiOverlayDebug.java:200: error: ';' expected
14:23:56 -             List<String> list = Lists.newArrayList((Object[])("Minecraft 1.8.9 (" + this.mc.getVersion() + "/" + ClientBrandRetriever.getClientModName() + ")", this.mc.debug, this.mc.renderGlobal.getDebugInfoRenders(), this.mc.renderGlobal.getDebugInfoEntities(), "P: " + this.mc.effectRenderer.getStatistics() + ". T: " + this.mc.theWorld.getDebugLoadedEntities() + ofInfo, this.mc.theWorld.getProviderName(), "", String.format("XYZ: %.3f / %.5f / %.3f", this.mc.getRenderViewEntity().posX, this.mc.getRenderViewEntity().getEntityBoundingBox().minY, this.mc.getRenderViewEntity().posZ), String.format("Block: %d %d %d", blockpos.getX(), blockpos.getY(), blockpos.getZ()), String.format("Chunk: %d %d %d in %d %d %d", blockpos.getX() & 15, blockpos.getY() & 15, blockpos.getZ() & 15, blockpos.getX() >> 4, blockpos.getY() >> 4, blockpos.getZ() >> 4), String.format("Facing: %s (%s) (%.1f / %.1f)", enumfacing, s, MathHelper.wrapAngleTo180_float(entity.rotationYaw), MathHelper.wrapAngleTo180_float(entity.rotationPitch))));
14:23:56 -                                                                                                                                                                                                                                                                                                                                                                                                                                                                                                                                                                                                                                                                                                                                                                                                                                                                                                                                                                                                                                                              ^
14:23:56 - 
14:23:56 - src\minecraft\net\minecraft\client\gui\GuiOverlayDebug.java:248: error: ')' expected
14:23:56 -         List<String> list = Lists.newArrayList((Object[])(String.format("Java: %s %dbit", System.getProperty("java.version"), this.mc.isJava64bit() ? 64 : 32), String.format("Mem: % 2d%% %03d/%03dMB", l * 100L / i, bytesToMb(l), bytesToMb(i)), String.format("Allocated: % 2d%% %03dMB", j * 100L / i, bytesToMb(j)), "", String.format("CPU: %s", OpenGlHelper.getCpu()), "", String.format("Display: %dx%d (%s)", Display.getWidth(), Display.getHeight(), GL11.glGetString(GL11.GL_VENDOR)), GL11.glGetString(GL11.GL_RENDERER), GL11.glGetString(GL11.GL_VERSION)));
14:23:56 -                                                                                                                                                               ^
14:23:56 - 
14:23:56 - src\minecraft\net\minecraft\client\gui\GuiOverlayDebug.java:248: error: ';' expected
14:23:56 -         List<String> list = Lists.newArrayList((Object[])(String.format("Java: %s %dbit", System.getProperty("java.version"), this.mc.isJava64bit() ? 64 : 32), String.format("Mem: % 2d%% %03d/%03dMB", l * 100L / i, bytesToMb(l), bytesToMb(i)), String.format("Allocated: % 2d%% %03dMB", j * 100L / i, bytesToMb(j)), "", String.format("CPU: %s", OpenGlHelper.getCpu()), "", String.format("Display: %dx%d (%s)", Display.getWidth(), Display.getHeight(), GL11.glGetString(GL11.GL_VENDOR)), GL11.glGetString(GL11.GL_RENDERER), GL11.glGetString(GL11.GL_VERSION)));
14:23:56 -                                                                                                                                                                                                                                                                                                                                                                                                                                                                                                                                                                            ^
14:23:56 - 
14:23:56 - src\minecraft\net\minecraft\client\gui\GuiScreen.java:51: error: ')' expected
14:23:56 -     private static final Set<String> PROTOCOLS = Sets.newHashSet((Object[])("http", "https"));
14:23:56 -                                                                                   ^
14:23:56 - 
14:23:56 - src\minecraft\net\minecraft\client\gui\GuiScreen.java:51: error: ';' expected
14:23:56 -     private static final Set<String> PROTOCOLS = Sets.newHashSet((Object[])("http", "https"));
14:23:56 -                                                                                             ^
14:23:56 - 
14:23:56 - src\minecraft\net\minecraft\client\gui\GuiScreen.java:359: error: ')' expected
14:23:56 -                         List<String> lvt_9_1_ = Lists.newArrayList((Object[])(lvt_6_3_.getFormattedText(), lvt_7_2_.getFormattedText()));
14:23:56 -                                                                                                          ^
14:23:56 - 
14:23:56 - src\minecraft\net\minecraft\client\gui\GuiScreen.java:359: error: ';' expected
14:23:56 -                         List<String> lvt_9_1_ = Lists.newArrayList((Object[])(lvt_6_3_.getFormattedText(), lvt_7_2_.getFormattedText()));
14:23:56 -                                                                                                                                        ^
14:23:56 - 
14:23:56 - src\minecraft\net\minecraft\client\renderer\block\model\ItemModelGenerator.java:16: error: ')' expected
14:23:56 -     public static final List<String> LAYERS = Lists.newArrayList((Object[])("layer0", "layer1", "layer2", "layer3", "layer4"));
14:23:56 -                                                                                     ^
14:23:56 - 
14:23:56 - src\minecraft\net\minecraft\client\renderer\block\model\ItemModelGenerator.java:16: error: ';' expected
14:23:56 -     public static final List<String> LAYERS = Lists.newArrayList((Object[])("layer0", "layer1", "layer2", "layer3", "layer4"));
14:23:56 -                                                                                                                              ^
14:23:56 - 
14:23:56 - src\minecraft\net\minecraft\client\resources\model\ModelBakery.java:58: error: ')' expected
14:23:56 -     private static final Set<ResourceLocation> LOCATIONS_BUILTIN_TEXTURES = Sets.newHashSet((Object[])(new ResourceLocation("blocks/water_flow"), new ResourceLocation("blocks/water_still"), new ResourceLocation("blocks/lava_flow"), new ResourceLocation("blocks/lava_still"), new ResourceLocation("blocks/destroy_stage_0"), new ResourceLocation("blocks/destroy_stage_1"), new ResourceLocation("blocks/destroy_stage_2"), new ResourceLocation("blocks/destroy_stage_3"), new ResourceLocation("blocks/destroy_stage_4"), new ResourceLocation("blocks/destroy_stage_5"), new ResourceLocation("blocks/destroy_stage_6"), new ResourceLocation("blocks/destroy_stage_7"), new ResourceLocation("blocks/destroy_stage_8"), new ResourceLocation("blocks/destroy_stage_9"), new ResourceLocation("items/empty_armor_slot_helmet"), new ResourceLocation("items/empty_armor_slot_chestplate"), new ResourceLocation("items/empty_armor_slot_leggings"), new ResourceLocation("items/empty_armor_slot_boots")));
14:23:56 -                                                                                                                                                 ^
14:23:56 - 
14:23:56 - src\minecraft\net\minecraft\client\resources\model\ModelBakery.java:58: error: ';' expected
14:23:56 -     private static final Set<ResourceLocation> LOCATIONS_BUILTIN_TEXTURES = Sets.newHashSet((Object[])(new ResourceLocation("blocks/water_flow"), new ResourceLocation("blocks/water_still"), new ResourceLocation("blocks/lava_flow"), new ResourceLocation("blocks/lava_still"), new ResourceLocation("blocks/destroy_stage_0"), new ResourceLocation("blocks/destroy_stage_1"), new ResourceLocation("blocks/destroy_stage_2"), new ResourceLocation("blocks/destroy_stage_3"), new ResourceLocation("blocks/destroy_stage_4"), new ResourceLocation("blocks/destroy_stage_5"), new ResourceLocation("blocks/destroy_stage_6"), new ResourceLocation("blocks/destroy_stage_7"), new ResourceLocation("blocks/destroy_stage_8"), new ResourceLocation("blocks/destroy_stage_9"), new ResourceLocation("items/empty_armor_slot_helmet"), new ResourceLocation("items/empty_armor_slot_chestplate"), new ResourceLocation("items/empty_armor_slot_leggings"), new ResourceLocation("items/empty_armor_slot_boots")));
14:23:56 -                                                                                                                                                                                                                                                                                                                                                                                                                                                                                                                                                                                                                                                                                                                                                                                                                                                                                                                                                                                                                    ^
14:23:56 - 
14:23:56 - src\minecraft\net\minecraft\client\resources\model\ModelBakery.java:360: error: ')' expected
14:23:56 -         this.variantNames.put(Item.getItemFromBlock(Blocks.stone), Lists.newArrayList((Object[])("stone", "granite", "granite_smooth", "diorite", "diorite_smooth", "andesite", "andesite_smooth")));
14:23:56 -                                                                                                         ^
14:23:56 - 
14:23:56 - src\minecraft\net\minecraft\client\resources\model\ModelBakery.java:360: error: ';' expected
14:23:56 -         this.variantNames.put(Item.getItemFromBlock(Blocks.stone), Lists.newArrayList((Object[])("stone", "granite", "granite_smooth", "diorite", "diorite_smooth", "andesite", "andesite_smooth")));
14:23:56 -                                                                                                                                                                                                    ^
14:23:56 - 
14:23:56 - src\minecraft\net\minecraft\client\resources\model\ModelBakery.java:361: error: ')' expected
14:23:56 -         this.variantNames.put(Item.getItemFromBlock(Blocks.dirt), Lists.newArrayList((Object[])("dirt", "coarse_dirt", "podzol")));
14:23:56 -                                                                                                       ^
14:23:56 - 
14:23:56 - src\minecraft\net\minecraft\client\resources\model\ModelBakery.java:361: error: ';' expected
14:23:56 -         this.variantNames.put(Item.getItemFromBlock(Blocks.dirt), Lists.newArrayList((Object[])("dirt", "coarse_dirt", "podzol")));
14:23:56 -                                                                                                                                  ^
14:23:56 - 
14:23:56 - src\minecraft\net\minecraft\client\resources\model\ModelBakery.java:362: error: ')' expected
14:23:56 -         this.variantNames.put(Item.getItemFromBlock(Blocks.planks), Lists.newArrayList((Object[])("oak_planks", "spruce_planks", "birch_planks", "jungle_planks", "acacia_planks", "dark_oak_planks")));
14:23:56 -                                                                                                               ^
14:23:56 - 
14:23:56 - src\minecraft\net\minecraft\client\resources\model\ModelBakery.java:362: error: ';' expected
14:23:56 -         this.variantNames.put(Item.getItemFromBlock(Blocks.planks), Lists.newArrayList((Object[])("oak_planks", "spruce_planks", "birch_planks", "jungle_planks", "acacia_planks", "dark_oak_planks")));
14:23:56 -                                                                                                                                                                                                       ^
14:23:56 - 
14:23:56 - src\minecraft\net\minecraft\client\resources\model\ModelBakery.java:363: error: ')' expected
14:23:56 -         this.variantNames.put(Item.getItemFromBlock(Blocks.sapling), Lists.newArrayList((Object[])("oak_sapling", "spruce_sapling", "birch_sapling", "jungle_sapling", "acacia_sapling", "dark_oak_sapling")));
14:23:56 -                                                                                                                 ^
14:23:56 - 
14:23:56 - src\minecraft\net\minecraft\client\resources\model\ModelBakery.java:363: error: ';' expected
14:23:56 -         this.variantNames.put(Item.getItemFromBlock(Blocks.sapling), Lists.newArrayList((Object[])("oak_sapling", "spruce_sapling", "birch_sapling", "jungle_sapling", "acacia_sapling", "dark_oak_sapling")));
14:23:56 -                                                                                                                                                                                                              ^
14:23:56 - 
14:23:56 - src\minecraft\net\minecraft\client\resources\model\ModelBakery.java:364: error: ')' expected
14:23:56 -         this.variantNames.put(Item.getItemFromBlock(Blocks.sand), Lists.newArrayList((Object[])("sand", "red_sand")));
14:23:56 -                                                                                                       ^
14:23:56 - 
14:23:56 - src\minecraft\net\minecraft\client\resources\model\ModelBakery.java:364: error: ';' expected
14:23:56 -         this.variantNames.put(Item.getItemFromBlock(Blocks.sand), Lists.newArrayList((Object[])("sand", "red_sand")));
14:23:56 -                                                                                                                     ^
14:23:56 - 
14:23:56 - src\minecraft\net\minecraft\client\resources\model\ModelBakery.java:365: error: ')' expected
14:23:56 -         this.variantNames.put(Item.getItemFromBlock(Blocks.log), Lists.newArrayList((Object[])("oak_log", "spruce_log", "birch_log", "jungle_log")));
14:23:56 -                                                                                                         ^
14:23:56 - 
14:23:56 - src\minecraft\net\minecraft\client\resources\model\ModelBakery.java:365: error: ';' expected
14:23:56 -         this.variantNames.put(Item.getItemFromBlock(Blocks.log), Lists.newArrayList((Object[])("oak_log", "spruce_log", "birch_log", "jungle_log")));
14:23:56 -                                                                                                                                                    ^
14:23:56 - 
14:23:56 - src\minecraft\net\minecraft\client\resources\model\ModelBakery.java:366: error: ')' expected
14:23:56 -         this.variantNames.put(Item.getItemFromBlock(Blocks.leaves), Lists.newArrayList((Object[])("oak_leaves", "spruce_leaves", "birch_leaves", "jungle_leaves")));
14:23:56 -                                                                                                               ^
14:23:56 - 
14:23:56 - src\minecraft\net\minecraft\client\resources\model\ModelBakery.java:366: error: ';' expected
14:23:56 -         this.variantNames.put(Item.getItemFromBlock(Blocks.leaves), Lists.newArrayList((Object[])("oak_leaves", "spruce_leaves", "birch_leaves", "jungle_leaves")));
14:23:56 -                                                                                                                                                                   ^
14:23:56 - 
14:23:56 - src\minecraft\net\minecraft\client\resources\model\ModelBakery.java:367: error: ')' expected
14:23:56 -         this.variantNames.put(Item.getItemFromBlock(Blocks.sponge), Lists.newArrayList((Object[])("sponge", "sponge_wet")));
14:23:56 -                                                                                                           ^
14:23:56 - 
14:23:56 - src\minecraft\net\minecraft\client\resources\model\ModelBakery.java:367: error: ';' expected
14:23:56 -         this.variantNames.put(Item.getItemFromBlock(Blocks.sponge), Lists.newArrayList((Object[])("sponge", "sponge_wet")));
14:23:56 -                                                                                                                           ^
14:23:56 - 
14:23:56 - src\minecraft\net\minecraft\client\resources\model\ModelBakery.java:368: error: ')' expected
14:23:56 -         this.variantNames.put(Item.getItemFromBlock(Blocks.sandstone), Lists.newArrayList((Object[])("sandstone", "chiseled_sandstone", "smooth_sandstone")));
14:23:56 -                                                                                                                 ^
14:23:56 - 
14:23:56 - src\minecraft\net\minecraft\client\resources\model\ModelBakery.java:368: error: ';' expected
14:23:56 -         this.variantNames.put(Item.getItemFromBlock(Blocks.sandstone), Lists.newArrayList((Object[])("sandstone", "chiseled_sandstone", "smooth_sandstone")));
14:23:56 -                                                                                                                                                             ^
14:23:56 - 
14:23:56 - src\minecraft\net\minecraft\client\resources\model\ModelBakery.java:369: error: ')' expected
14:23:56 -         this.variantNames.put(Item.getItemFromBlock(Blocks.red_sandstone), Lists.newArrayList((Object[])("red_sandstone", "chiseled_red_sandstone", "smooth_red_sandstone")));
14:23:56 -                                                                                                                         ^
14:23:56 - 
14:23:56 - src\minecraft\net\minecraft\client\resources\model\ModelBakery.java:369: error: ';' expected
14:23:56 -         this.variantNames.put(Item.getItemFromBlock(Blocks.red_sandstone), Lists.newArrayList((Object[])("red_sandstone", "chiseled_red_sandstone", "smooth_red_sandstone")));
14:23:56 -                                                                                                                                                                             ^
14:23:56 - 
14:23:56 - src\minecraft\net\minecraft\client\resources\model\ModelBakery.java:370: error: ')' expected
14:23:56 -         this.variantNames.put(Item.getItemFromBlock(Blocks.tallgrass), Lists.newArrayList((Object[])("dead_bush", "tall_grass", "fern")));
14:23:56 -                                                                                                                 ^
14:23:56 - 
14:23:56 - src\minecraft\net\minecraft\client\resources\model\ModelBakery.java:370: error: ';' expected
14:23:56 -         this.variantNames.put(Item.getItemFromBlock(Blocks.tallgrass), Lists.newArrayList((Object[])("dead_bush", "tall_grass", "fern")));
14:23:56 -                                                                                                                                         ^
14:23:56 - 
14:23:56 - src\minecraft\net\minecraft\client\resources\model\ModelBakery.java:372: error: ')' expected
14:23:56 -         this.variantNames.put(Item.getItemFromBlock(Blocks.wool), Lists.newArrayList((Object[])("black_wool", "red_wool", "green_wool", "brown_wool", "blue_wool", "purple_wool", "cyan_wool", "silver_wool", "gray_wool", "pink_wool", "lime_wool", "yellow_wool", "light_blue_wool", "magenta_wool", "orange_wool", "white_wool")));
14:23:56 -                                                                                                             ^
14:23:56 - 
14:23:56 - src\minecraft\net\minecraft\client\resources\model\ModelBakery.java:372: error: ';' expected
14:23:56 -         this.variantNames.put(Item.getItemFromBlock(Blocks.wool), Lists.newArrayList((Object[])("black_wool", "red_wool", "green_wool", "brown_wool", "blue_wool", "purple_wool", "cyan_wool", "silver_wool", "gray_wool", "pink_wool", "lime_wool", "yellow_wool", "light_blue_wool", "magenta_wool", "orange_wool", "white_wool")));
14:23:56 -                                                                                                                                                                                                                                                                                                                                     ^
14:23:56 - 
14:23:56 - src\minecraft\net\minecraft\client\resources\model\ModelBakery.java:374: error: ')' expected
14:23:56 -         this.variantNames.put(Item.getItemFromBlock(Blocks.red_flower), Lists.newArrayList((Object[])("poppy", "blue_orchid", "allium", "houstonia", "red_tulip", "orange_tulip", "white_tulip", "pink_tulip", "oxeye_daisy")));
14:23:56 -                                                                                                              ^
14:23:56 - 
14:23:56 - src\minecraft\net\minecraft\client\resources\model\ModelBakery.java:374: error: ';' expected
14:23:56 -         this.variantNames.put(Item.getItemFromBlock(Blocks.red_flower), Lists.newArrayList((Object[])("poppy", "blue_orchid", "allium", "houstonia", "red_tulip", "orange_tulip", "white_tulip", "pink_tulip", "oxeye_daisy")));
14:23:56 -                                                                                                                                                                                                                               ^
14:23:56 - 
14:23:56 - src\minecraft\net\minecraft\client\resources\model\ModelBakery.java:375: error: ')' expected
14:23:56 -         this.variantNames.put(Item.getItemFromBlock(Blocks.stone_slab), Lists.newArrayList((Object[])("stone_slab", "sandstone_slab", "cobblestone_slab", "brick_slab", "stone_brick_slab", "nether_brick_slab", "quartz_slab")));
14:23:56 -                                                                                                                   ^
14:23:56 - 
14:23:56 - src\minecraft\net\minecraft\client\resources\model\ModelBakery.java:375: error: ';' expected
14:23:56 -         this.variantNames.put(Item.getItemFromBlock(Blocks.stone_slab), Lists.newArrayList((Object[])("stone_slab", "sandstone_slab", "cobblestone_slab", "brick_slab", "stone_brick_slab", "nether_brick_slab", "quartz_slab")));
14:23:56 -                                                                                                                                                                                                                                 ^
14:23:56 - 
14:23:56 - src\minecraft\net\minecraft\client\resources\model\ModelBakery.java:377: error: ')' expected
14:23:56 -         this.variantNames.put(Item.getItemFromBlock(Blocks.stained_glass), Lists.newArrayList((Object[])("black_stained_glass", "red_stained_glass", "green_stained_glass", "brown_stained_glass", "blue_stained_glass", "purple_stained_glass", "cyan_stained_glass", "silver_stained_glass", "gray_stained_glass", "pink_stained_glass", "lime_stained_glass", "yellow_stained_glass", "light_blue_stained_glass", "magenta_stained_glass", "orange_stained_glass", "white_stained_glass")));
14:23:56 -                                                                                                                               ^
14:23:56 - 
14:23:56 - src\minecraft\net\minecraft\client\resources\model\ModelBakery.java:377: error: ';' expected
14:23:56 -         this.variantNames.put(Item.getItemFromBlock(Blocks.stained_glass), Lists.newArrayList((Object[])("black_stained_glass", "red_stained_glass", "green_stained_glass", "brown_stained_glass", "blue_stained_glass", "purple_stained_glass", "cyan_stained_glass", "silver_stained_glass", "gray_stained_glass", "pink_stained_glass", "lime_stained_glass", "yellow_stained_glass", "light_blue_stained_glass", "magenta_stained_glass", "orange_stained_glass", "white_stained_glass")));
14:23:56 -                                                                                                                                                                                                                                                                                                                                                                                                                                                                                              ^
14:23:56 - 
14:23:56 - src\minecraft\net\minecraft\client\resources\model\ModelBakery.java:378: error: ')' expected
14:23:56 -         this.variantNames.put(Item.getItemFromBlock(Blocks.monster_egg), Lists.newArrayList((Object[])("stone_monster_egg", "cobblestone_monster_egg", "stone_brick_monster_egg", "mossy_brick_monster_egg", "cracked_brick_monster_egg", "chiseled_brick_monster_egg")));
14:23:56 -                                                                                                                           ^
14:23:56 - 
14:23:56 - src\minecraft\net\minecraft\client\resources\model\ModelBakery.java:378: error: ';' expected
14:23:56 -         this.variantNames.put(Item.getItemFromBlock(Blocks.monster_egg), Lists.newArrayList((Object[])("stone_monster_egg", "cobblestone_monster_egg", "stone_brick_monster_egg", "mossy_brick_monster_egg", "cracked_brick_monster_egg", "chiseled_brick_monster_egg")));
14:23:56 -                                                                                                                                                                                                                                                                         ^
14:23:56 - 
14:23:56 - src\minecraft\net\minecraft\client\resources\model\ModelBakery.java:379: error: ')' expected
14:23:56 -         this.variantNames.put(Item.getItemFromBlock(Blocks.stonebrick), Lists.newArrayList((Object[])("stonebrick", "mossy_stonebrick", "cracked_stonebrick", "chiseled_stonebrick")));
14:23:56 -                                                                                                                   ^
14:23:56 - 
14:23:56 - src\minecraft\net\minecraft\client\resources\model\ModelBakery.java:379: error: ';' expected
14:23:56 -         this.variantNames.put(Item.getItemFromBlock(Blocks.stonebrick), Lists.newArrayList((Object[])("stonebrick", "mossy_stonebrick", "cracked_stonebrick", "chiseled_stonebrick")));
14:23:56 -                                                                                                                                                                                      ^
14:23:56 - 
14:23:56 - src\minecraft\net\minecraft\client\resources\model\ModelBakery.java:380: error: ')' expected
14:23:56 -         this.variantNames.put(Item.getItemFromBlock(Blocks.wooden_slab), Lists.newArrayList((Object[])("oak_slab", "spruce_slab", "birch_slab", "jungle_slab", "acacia_slab", "dark_oak_slab")));
14:23:56 -                                                                                                                  ^
14:23:56 - 
14:23:56 - src\minecraft\net\minecraft\client\resources\model\ModelBakery.java:380: error: ';' expected
14:23:56 -         this.variantNames.put(Item.getItemFromBlock(Blocks.wooden_slab), Lists.newArrayList((Object[])("oak_slab", "spruce_slab", "birch_slab", "jungle_slab", "acacia_slab", "dark_oak_slab")));
14:23:56 -                                                                                                                                                                                                ^
14:23:56 - 
14:23:56 - src\minecraft\net\minecraft\client\resources\model\ModelBakery.java:381: error: ')' expected
14:23:56 -         this.variantNames.put(Item.getItemFromBlock(Blocks.cobblestone_wall), Lists.newArrayList((Object[])("cobblestone_wall", "mossy_cobblestone_wall")));
14:23:56 -                                                                                                                               ^
14:23:56 - 
14:23:56 - src\minecraft\net\minecraft\client\resources\model\ModelBakery.java:381: error: ';' expected
14:23:56 -         this.variantNames.put(Item.getItemFromBlock(Blocks.cobblestone_wall), Lists.newArrayList((Object[])("cobblestone_wall", "mossy_cobblestone_wall")));
14:23:56 -                                                                                                                                                           ^
14:23:56 - 
14:23:56 - src\minecraft\net\minecraft\client\resources\model\ModelBakery.java:382: error: ')' expected
14:23:56 -         this.variantNames.put(Item.getItemFromBlock(Blocks.anvil), Lists.newArrayList((Object[])("anvil_intact", "anvil_slightly_damaged", "anvil_very_damaged")));
14:23:56 -                                                                                                                ^
14:23:56 - 
14:23:56 - src\minecraft\net\minecraft\client\resources\model\ModelBakery.java:382: error: ';' expected
14:23:56 -         this.variantNames.put(Item.getItemFromBlock(Blocks.anvil), Lists.newArrayList((Object[])("anvil_intact", "anvil_slightly_damaged", "anvil_very_damaged")));
14:23:56 -                                                                                                                                                                  ^
14:23:56 - 
14:23:56 - src\minecraft\net\minecraft\client\resources\model\ModelBakery.java:383: error: ')' expected
14:23:56 -         this.variantNames.put(Item.getItemFromBlock(Blocks.quartz_block), Lists.newArrayList((Object[])("quartz_block", "chiseled_quartz_block", "quartz_column")));
14:23:56 -                                                                                                                       ^
14:23:56 - 
14:23:56 - src\minecraft\net\minecraft\client\resources\model\ModelBakery.java:383: error: ';' expected
14:23:56 -         this.variantNames.put(Item.getItemFromBlock(Blocks.quartz_block), Lists.newArrayList((Object[])("quartz_block", "chiseled_quartz_block", "quartz_column")));
14:23:56 -                                                                                                                                                                   ^
14:23:56 - 
14:23:56 - src\minecraft\net\minecraft\client\resources\model\ModelBakery.java:384: error: ')' expected
14:23:56 -         this.variantNames.put(Item.getItemFromBlock(Blocks.stained_hardened_clay), Lists.newArrayList((Object[])("black_stained_hardened_clay", "red_stained_hardened_clay", "green_stained_hardened_clay", "brown_stained_hardened_clay", "blue_stained_hardened_clay", "purple_stained_hardened_clay", "cyan_stained_hardened_clay", "silver_stained_hardened_clay", "gray_stained_hardened_clay", "pink_stained_hardened_clay", "lime_stained_hardened_clay", "yellow_stained_hardened_clay", "light_blue_stained_hardened_clay", "magenta_stained_hardened_clay", "orange_stained_hardened_clay", "white_stained_hardened_clay")));
14:23:56 -                                                                                                                                               ^
14:23:56 - 
14:23:56 - src\minecraft\net\minecraft\client\resources\model\ModelBakery.java:384: error: ';' expected
14:23:56 -         this.variantNames.put(Item.getItemFromBlock(Blocks.stained_hardened_clay), Lists.newArrayList((Object[])("black_stained_hardened_clay", "red_stained_hardened_clay", "green_stained_hardened_clay", "brown_stained_hardened_clay", "blue_stained_hardened_clay", "purple_stained_hardened_clay", "cyan_stained_hardened_clay", "silver_stained_hardened_clay", "gray_stained_hardened_clay", "pink_stained_hardened_clay", "lime_stained_hardened_clay", "yellow_stained_hardened_clay", "light_blue_stained_hardened_clay", "magenta_stained_hardened_clay", "orange_stained_hardened_clay", "white_stained_hardened_clay")));
14:23:56 -                                                                                                                                                                                                                                                                                                                                                                                                                                                                                                                                                                                                                                      ^
14:23:56 - 
14:23:56 - src\minecraft\net\minecraft\client\resources\model\ModelBakery.java:385: error: ')' expected
14:23:56 -         this.variantNames.put(Item.getItemFromBlock(Blocks.stained_glass_pane), Lists.newArrayList((Object[])("black_stained_glass_pane", "red_stained_glass_pane", "green_stained_glass_pane", "brown_stained_glass_pane", "blue_stained_glass_pane", "purple_stained_glass_pane", "cyan_stained_glass_pane", "silver_stained_glass_pane", "gray_stained_glass_pane", "pink_stained_glass_pane", "lime_stained_glass_pane", "yellow_stained_glass_pane", "light_blue_stained_glass_pane", "magenta_stained_glass_pane", "orange_stained_glass_pane", "white_stained_glass_pane")));
14:23:56 -                                                                                                                                         ^
14:23:56 - 
14:23:56 - src\minecraft\net\minecraft\client\resources\model\ModelBakery.java:385: error: ';' expected
14:23:56 -         this.variantNames.put(Item.getItemFromBlock(Blocks.stained_glass_pane), Lists.newArrayList((Object[])("black_stained_glass_pane", "red_stained_glass_pane", "green_stained_glass_pane", "brown_stained_glass_pane", "blue_stained_glass_pane", "purple_stained_glass_pane", "cyan_stained_glass_pane", "silver_stained_glass_pane", "gray_stained_glass_pane", "pink_stained_glass_pane", "lime_stained_glass_pane", "yellow_stained_glass_pane", "light_blue_stained_glass_pane", "magenta_stained_glass_pane", "orange_stained_glass_pane", "white_stained_glass_pane")));
14:23:56 -                                                                                                                                                                                                                                                                                                                                                                                                                                                                                                                                                                                   ^
14:23:56 - 
14:23:56 - src\minecraft\net\minecraft\client\resources\model\ModelBakery.java:386: error: ')' expected
14:23:56 -         this.variantNames.put(Item.getItemFromBlock(Blocks.leaves2), Lists.newArrayList((Object[])("acacia_leaves", "dark_oak_leaves")));
14:23:56 -                                                                                                                   ^
14:23:56 - 
14:23:56 - src\minecraft\net\minecraft\client\resources\model\ModelBakery.java:386: error: ';' expected
14:23:56 -         this.variantNames.put(Item.getItemFromBlock(Blocks.leaves2), Lists.newArrayList((Object[])("acacia_leaves", "dark_oak_leaves")));
14:23:56 -                                                                                                                                        ^
14:23:56 - 
14:23:56 - src\minecraft\net\minecraft\client\resources\model\ModelBakery.java:387: error: ')' expected
14:23:56 -         this.variantNames.put(Item.getItemFromBlock(Blocks.log2), Lists.newArrayList((Object[])("acacia_log", "dark_oak_log")));
14:23:56 -                                                                                                             ^
14:23:56 - 
14:23:56 - src\minecraft\net\minecraft\client\resources\model\ModelBakery.java:387: error: ';' expected
14:23:56 -         this.variantNames.put(Item.getItemFromBlock(Blocks.log2), Lists.newArrayList((Object[])("acacia_log", "dark_oak_log")));
14:23:56 -                                                                                                                               ^
14:23:56 - 
14:23:56 - src\minecraft\net\minecraft\client\resources\model\ModelBakery.java:388: error: ')' expected
14:23:56 -         this.variantNames.put(Item.getItemFromBlock(Blocks.prismarine), Lists.newArrayList((Object[])("prismarine", "prismarine_bricks", "dark_prismarine")));
14:23:56 -                                                                                                                   ^
14:23:56 - 
14:23:56 - src\minecraft\net\minecraft\client\resources\model\ModelBakery.java:388: error: ';' expected
14:23:56 -         this.variantNames.put(Item.getItemFromBlock(Blocks.prismarine), Lists.newArrayList((Object[])("prismarine", "prismarine_bricks", "dark_prismarine")));
14:23:56 -                                                                                                                                                             ^
14:23:56 - 
14:23:56 - src\minecraft\net\minecraft\client\resources\model\ModelBakery.java:389: error: ')' expected
14:23:56 -         this.variantNames.put(Item.getItemFromBlock(Blocks.carpet), Lists.newArrayList((Object[])("black_carpet", "red_carpet", "green_carpet", "brown_carpet", "blue_carpet", "purple_carpet", "cyan_carpet", "silver_carpet", "gray_carpet", "pink_carpet", "lime_carpet", "yellow_carpet", "light_blue_carpet", "magenta_carpet", "orange_carpet", "white_carpet")));
14:23:56 -                                                                                                                 ^
14:23:56 - 
14:23:56 - src\minecraft\net\minecraft\client\resources\model\ModelBakery.java:389: error: ';' expected
14:23:56 -         this.variantNames.put(Item.getItemFromBlock(Blocks.carpet), Lists.newArrayList((Object[])("black_carpet", "red_carpet", "green_carpet", "brown_carpet", "blue_carpet", "purple_carpet", "cyan_carpet", "silver_carpet", "gray_carpet", "pink_carpet", "lime_carpet", "yellow_carpet", "light_blue_carpet", "magenta_carpet", "orange_carpet", "white_carpet")));
14:23:56 -                                                                                                                                                                                                                                                                                                                                                                       ^
14:23:56 - 
14:23:56 - src\minecraft\net\minecraft\client\resources\model\ModelBakery.java:390: error: ')' expected
14:23:56 -         this.variantNames.put(Item.getItemFromBlock(Blocks.double_plant), Lists.newArrayList((Object[])("sunflower", "syringa", "double_grass", "double_fern", "double_rose", "paeonia")));
14:23:56 -                                                                                                                    ^
14:23:56 - 
14:23:56 - src\minecraft\net\minecraft\client\resources\model\ModelBakery.java:390: error: ';' expected
14:23:56 -         this.variantNames.put(Item.getItemFromBlock(Blocks.double_plant), Lists.newArrayList((Object[])("sunflower", "syringa", "double_grass", "double_fern", "double_rose", "paeonia")));
14:23:56 -                                                                                                                                                                                          ^
14:23:56 - 
14:23:56 - src\minecraft\net\minecraft\client\resources\model\ModelBakery.java:391: error: ')' expected
14:23:56 -         this.variantNames.put(Items.bow, Lists.newArrayList((Object[])("bow", "bow_pulling_0", "bow_pulling_1", "bow_pulling_2")));
14:23:56 -                                                                             ^
14:23:56 - 
14:23:56 - src\minecraft\net\minecraft\client\resources\model\ModelBakery.java:391: error: ';' expected
14:23:56 -         this.variantNames.put(Items.bow, Lists.newArrayList((Object[])("bow", "bow_pulling_0", "bow_pulling_1", "bow_pulling_2")));
14:23:56 -                                                                                                                                  ^
14:23:56 - 
14:23:56 - src\minecraft\net\minecraft\client\resources\model\ModelBakery.java:392: error: ')' expected
14:23:56 -         this.variantNames.put(Items.coal, Lists.newArrayList((Object[])("coal", "charcoal")));
14:23:56 -                                                                               ^
14:23:56 - 
14:23:56 - src\minecraft\net\minecraft\client\resources\model\ModelBakery.java:392: error: ';' expected
14:23:56 -         this.variantNames.put(Items.coal, Lists.newArrayList((Object[])("coal", "charcoal")));
14:23:56 -                                                                                             ^
14:23:56 - 
14:23:56 - src\minecraft\net\minecraft\client\resources\model\ModelBakery.java:393: error: ')' expected
14:23:56 -         this.variantNames.put(Items.fishing_rod, Lists.newArrayList((Object[])("fishing_rod", "fishing_rod_cast")));
14:23:56 -                                                                                             ^
14:23:56 - 
14:23:56 - src\minecraft\net\minecraft\client\resources\model\ModelBakery.java:393: error: ';' expected
14:23:56 -         this.variantNames.put(Items.fishing_rod, Lists.newArrayList((Object[])("fishing_rod", "fishing_rod_cast")));
14:23:56 -                                                                                                                   ^
14:23:56 - 
14:23:56 - src\minecraft\net\minecraft\client\resources\model\ModelBakery.java:394: error: ')' expected
14:23:56 -         this.variantNames.put(Items.fish, Lists.newArrayList((Object[])("cod", "salmon", "clownfish", "pufferfish")));
14:23:56 -                                                                              ^
14:23:56 - 
14:23:56 - src\minecraft\net\minecraft\client\resources\model\ModelBakery.java:394: error: ';' expected
14:23:56 -         this.variantNames.put(Items.fish, Lists.newArrayList((Object[])("cod", "salmon", "clownfish", "pufferfish")));
14:23:56 -                                                                                                                     ^
14:23:56 - 
14:23:56 - src\minecraft\net\minecraft\client\resources\model\ModelBakery.java:395: error: ')' expected
14:23:56 -         this.variantNames.put(Items.cooked_fish, Lists.newArrayList((Object[])("cooked_cod", "cooked_salmon")));
14:23:56 -                                                                                            ^
14:23:56 - 
14:23:56 - src\minecraft\net\minecraft\client\resources\model\ModelBakery.java:395: error: ';' expected
14:23:56 -         this.variantNames.put(Items.cooked_fish, Lists.newArrayList((Object[])("cooked_cod", "cooked_salmon")));
14:23:56 -                                                                                                               ^
14:23:56 - 
14:23:56 - src\minecraft\net\minecraft\client\resources\model\ModelBakery.java:396: error: ')' expected
14:23:56 -         this.variantNames.put(Items.dye, Lists.newArrayList((Object[])("dye_black", "dye_red", "dye_green", "dye_brown", "dye_blue", "dye_purple", "dye_cyan", "dye_silver", "dye_gray", "dye_pink", "dye_lime", "dye_yellow", "dye_light_blue", "dye_magenta", "dye_orange", "dye_white")));
14:23:56 -                                                                                   ^
14:23:56 - 
14:23:56 - src\minecraft\net\minecraft\client\resources\model\ModelBakery.java:396: error: ';' expected
14:23:56 -         this.variantNames.put(Items.dye, Lists.newArrayList((Object[])("dye_black", "dye_red", "dye_green", "dye_brown", "dye_blue", "dye_purple", "dye_cyan", "dye_silver", "dye_gray", "dye_pink", "dye_lime", "dye_yellow", "dye_light_blue", "dye_magenta", "dye_orange", "dye_white")));
14:23:56 -                                                                                                                                                                                                                                                                                            ^
14:23:56 - 
14:23:56 - src\minecraft\net\minecraft\client\resources\model\ModelBakery.java:397: error: ')' expected
14:23:56 -         this.variantNames.put(Items.potionitem, Lists.newArrayList((Object[])("bottle_drinkable", "bottle_splash")));
14:23:56 -                                                                                                 ^
14:23:56 - 
14:23:56 - src\minecraft\net\minecraft\client\resources\model\ModelBakery.java:397: error: ';' expected
14:23:56 -         this.variantNames.put(Items.potionitem, Lists.newArrayList((Object[])("bottle_drinkable", "bottle_splash")));
14:23:56 -                                                                                                                    ^
14:23:56 - 
14:23:56 - src\minecraft\net\minecraft\client\resources\model\ModelBakery.java:398: error: ')' expected
14:23:56 -         this.variantNames.put(Items.skull, Lists.newArrayList((Object[])("skull_skeleton", "skull_wither", "skull_zombie", "skull_char", "skull_creeper")));
14:23:56 -                                                                                          ^
14:23:56 - 
14:23:56 - src\minecraft\net\minecraft\client\resources\model\ModelBakery.java:398: error: ';' expected
14:23:56 -         this.variantNames.put(Items.skull, Lists.newArrayList((Object[])("skull_skeleton", "skull_wither", "skull_zombie", "skull_char", "skull_creeper")));
14:23:56 -                                                                                                                                                           ^
14:23:56 - 
14:23:56 - src\minecraft\net\minecraft\command\PlayerSelector.java:54: error: ')' expected
14:23:56 -     private static final Set<String> WORLD_BINDING_ARGS = Sets.newHashSet((Object[])("x", "y", "z", "dx", "dy", "dz", "rm", "r"));
14:23:56 -                                                                                         ^
14:23:56 - 
14:23:56 - src\minecraft\net\minecraft\command\PlayerSelector.java:54: error: ';' expected
14:23:56 -     private static final Set<String> WORLD_BINDING_ARGS = Sets.newHashSet((Object[])("x", "y", "z", "dx", "dy", "dz", "rm", "r"));
14:23:56 -                                                                                                                                 ^
14:23:56 - 
14:23:56 - src\minecraft\net\minecraft\item\ItemAxe.java:25: error: ')' expected
14:23:56 -         EFFECTIVE_ON = Sets.newHashSet((Object[])(Blocks.planks, Blocks.bookshelf, Blocks.log, Blocks.log2, Blocks.chest, Blocks.pumpkin, Blocks.lit_pumpkin, Blocks.melon_block, Blocks.ladder));
14:23:56 -                                                                ^
14:23:56 - 
14:23:56 - src\minecraft\net\minecraft\item\ItemAxe.java:25: error: ';' expected
14:23:56 -         EFFECTIVE_ON = Sets.newHashSet((Object[])(Blocks.planks, Blocks.bookshelf, Blocks.log, Blocks.log2, Blocks.chest, Blocks.pumpkin, Blocks.lit_pumpkin, Blocks.melon_block, Blocks.ladder));
14:23:56 -                                                                                                                                                                                                 ^
14:23:56 - 
14:23:56 - src\minecraft\net\minecraft\item\ItemPickaxe.java:90: error: ')' expected
14:23:56 -         EFFECTIVE_ON = Sets.newHashSet((Object[])(Blocks.activator_rail, Blocks.coal_ore, Blocks.cobblestone, Blocks.detector_rail, Blocks.diamond_block, Blocks.diamond_ore, Blocks.double_stone_slab, Blocks.golden_rail, Blocks.gold_block, Blocks.gold_ore, Blocks.ice, Blocks.iron_block, Blocks.iron_ore, Blocks.lapis_block, Blocks.lapis_ore, Blocks.lit_redstone_ore, Blocks.mossy_cobblestone, Blocks.netherrack, Blocks.packed_ice, Blocks.rail, Blocks.redstone_ore, Blocks.sandstone, Blocks.red_sandstone, Blocks.stone, Blocks.stone_slab));
14:23:56 -                                                                        ^
14:23:56 - 
14:23:56 - src\minecraft\net\minecraft\item\ItemPickaxe.java:90: error: ';' expected
14:23:56 -         EFFECTIVE_ON = Sets.newHashSet((Object[])(Blocks.activator_rail, Blocks.coal_ore, Blocks.cobblestone, Blocks.detector_rail, Blocks.diamond_block, Blocks.diamond_ore, Blocks.double_stone_slab, Blocks.golden_rail, Blocks.gold_block, Blocks.gold_ore, Blocks.ice, Blocks.iron_block, Blocks.iron_ore, Blocks.lapis_block, Blocks.lapis_ore, Blocks.lit_redstone_ore, Blocks.mossy_cobblestone, Blocks.netherrack, Blocks.packed_ice, Blocks.rail, Blocks.redstone_ore, Blocks.sandstone, Blocks.red_sandstone, Blocks.stone, Blocks.stone_slab));
14:23:56 -                                                                                                                                                                                                                                                                                                                                                                                                                                                                                                                                                          ^
14:23:56 - 
14:23:56 - src\minecraft\net\minecraft\item\ItemSpade.java:34: error: ')' expected
14:23:56 -         EFFECTIVE_ON = Sets.newHashSet((Object[])(Blocks.clay, Blocks.dirt, Blocks.farmland, Blocks.grass, Blocks.gravel, Blocks.mycelium, Blocks.sand, Blocks.snow, Blocks.snow_layer, Blocks.soul_sand));
14:23:56 -                                                              ^
14:23:56 - 
14:23:56 - src\minecraft\net\minecraft\item\ItemSpade.java:34: error: ';' expected
14:23:56 -         EFFECTIVE_ON = Sets.newHashSet((Object[])(Blocks.clay, Blocks.dirt, Blocks.farmland, Blocks.grass, Blocks.gravel, Blocks.mycelium, Blocks.sand, Blocks.snow, Blocks.snow_layer, Blocks.soul_sand));
14:23:56 -                                                                                                                                                                                                          ^
14:23:56 - 
14:23:56 - src\minecraft\net\minecraft\world\WorldServer.java:1217: error: ')' expected
14:23:56 -         bonusChestContent = Lists.newArrayList((Object[])(new WeightedRandomChestContent(Items.stick, 0, 1, 3, 10), new WeightedRandomChestContent(Item.getItemFromBlock(Blocks.planks), 0, 1, 3, 10), new WeightedRandomChestContent(Item.getItemFromBlock(Blocks.log), 0, 1, 3, 10), new WeightedRandomChestContent(Items.stone_axe, 0, 1, 1, 3), new WeightedRandomChestContent(Items.wooden_axe, 0, 1, 1, 5), new WeightedRandomChestContent(Items.stone_pickaxe, 0, 1, 1, 3), new WeightedRandomChestContent(Items.wooden_pickaxe, 0, 1, 1, 5), new WeightedRandomChestContent(Items.apple, 0, 2, 3, 5), new WeightedRandomChestContent(Items.bread, 0, 2, 3, 3), new WeightedRandomChestContent(Item.getItemFromBlock(Blocks.log2), 0, 1, 3, 10)));
14:23:56 -                                                                                                                   ^
14:23:56 - 
14:23:56 - src\minecraft\net\minecraft\world\WorldServer.java:1217: error: ';' expected
14:23:56 -         bonusChestContent = Lists.newArrayList((Object[])(new WeightedRandomChestContent(Items.stick, 0, 1, 3, 10), new WeightedRandomChestContent(Item.getItemFromBlock(Blocks.planks), 0, 1, 3, 10), new WeightedRandomChestContent(Item.getItemFromBlock(Blocks.log), 0, 1, 3, 10), new WeightedRandomChestContent(Items.stone_axe, 0, 1, 1, 3), new WeightedRandomChestContent(Items.wooden_axe, 0, 1, 1, 5), new WeightedRandomChestContent(Items.stone_pickaxe, 0, 1, 1, 3), new WeightedRandomChestContent(Items.wooden_pickaxe, 0, 1, 1, 5), new WeightedRandomChestContent(Items.apple, 0, 2, 3, 5), new WeightedRandomChestContent(Items.bread, 0, 2, 3, 3), new WeightedRandomChestContent(Item.getItemFromBlock(Blocks.log2), 0, 1, 3, 10)));
14:23:56 -                                                                                                                                                                                                                                                                                                                                                                                                                                                                                                                                                                                                                                                                                                                                                        ^
14:23:56 - 
14:23:56 - 100 errors
14:23:56 - ==================
14:23:56 - 
14:23:56 - Initial client recompile failed, correct source then run updatemd5
14:49:33 - "scalac" is not found on the PATH.  Scala files will not be recompiled
23:32:45 - "scalac" is not found on the PATH.  Scala files will not be recompiled
23:32:54 - '"C:\Program Files\Java\jdk1.8.0_231\bin\javac" -Xlint:-options -deprecation -g -source 1.6 -target 1.6 -classpath "jars\versions\1.8.9\1.8.9.jar;lib;lib\*;jars\libraries\net\java\jinput\jinput\2.0.5\jinput-2.0.5.jar;jars\libraries\org\lwjgl\lwjgl\lwjgl-platform\2.9.4-nightly-20150209\lwjgl-platform-2.9.4-nightly-20150209-natives-windows.jar;jars\libraries\com\ibm\icu\icu4j-core-mojang\51.2\icu4j-core-mojang-51.2.jar;jars\libraries\tv\twitch\twitch-external-platform\4.5\twitch-external-platform-4.5-natives-windows-64.jar;jars\libraries\org\apache\httpcomponents\httpcore\4.3.2\httpcore-4.3.2.jar;jars\libraries\org\apache\logging\log4j\log4j-api\2.0-beta9\log4j-api-2.0-beta9.jar;jars\libraries\org\apache\commons\commons-lang3\3.3.2\commons-lang3-3.3.2.jar;jars\libraries\net\java\dev\jna\jna\3.4.0\jna-3.4.0.jar;jars\libraries\com\paulscode\libraryjavasound\20101123\libraryjavasound-20101123.jar;jars\libraries\net\sf\jopt-simple\jopt-simple\4.6\jopt-simple-4.6.jar;jars\libraries\com\google\guava\guava\17.0\guava-17.0.jar;jars\libraries\oshi-project\oshi-core\1.1\oshi-core-1.1.jar;jars\libraries\org\apache\httpcomponents\httpclient\4.3.3\httpclient-4.3.3.jar;jars\libraries\org\apache\commons\commons-compress\1.8.1\commons-compress-1.8.1.jar;jars\libraries\net\java\dev\jna\platform\3.4.0\platform-3.4.0.jar;jars\libraries\com\paulscode\codecjorbis\20101023\codecjorbis-20101023.jar;jars\libraries\com\paulscode\soundsystem\20120107\soundsystem-20120107.jar;jars\libraries\com\paulscode\librarylwjglopenal\20100824\librarylwjglopenal-20100824.jar;jars\libraries\org\lwjgl\lwjgl\lwjgl_util\2.9.4-nightly-20150209\lwjgl_util-2.9.4-nightly-20150209.jar;jars\libraries\commons-codec\commons-codec\1.9\commons-codec-1.9.jar;jars\libraries\net\java\jutils\jutils\1.0.0\jutils-1.0.0.jar;jars\libraries\commons-logging\commons-logging\1.1.3\commons-logging-1.1.3.jar;jars\libraries\org\lwjgl\lwjgl\lwjgl\2.9.4-nightly-20150209\lwjgl-2.9.4-nightly-20150209.jar;jars\libraries\commons-io\commons-io\2.4\commons-io-2.4.jar;jars\libraries\com\mojang\realms\1.7.59\realms-1.7.59.jar;jars\libraries\com\mojang\authlib\1.5.21\authlib-1.5.21.jar;jars\libraries\com\google\code\gson\gson\2.2.4\gson-2.2.4.jar;jars\libraries\com\mojang\netty\1.6\netty-1.6.jar;jars\libraries\tv\twitch\twitch\6.5\twitch-6.5.jar;jars\libraries\com\paulscode\codecwav\20101023\codecwav-20101023.jar;jars\libraries\tv\twitch\twitch-platform\6.5\twitch-platform-6.5-natives-windows-64.jar;jars\libraries\net\java\jinput\jinput-platform\2.0.5\jinput-platform-2.0.5-natives-windows.jar;jars\libraries\org\apache\logging\log4j\log4j-core\2.0-beta9\log4j-core-2.0-beta9.jar;jars\libraries\io\netty\netty-all\4.0.23.Final\netty-all-4.0.23.Final.jar" -sourcepath src\minecraft -d bin\minecraft @temp\java_src_client.txt' failed : 1
23:32:54 - 
23:32:54 - == ERRORS FOUND in JAVA CODE ==
23:32:54 - 
23:32:54 - src\minecraft\net\HackChi3\chatMod\hypixel\HypixelPlayers.java:41: error: method references are not supported in -source 1.6
23:32:54 -         final List<GameProfile> list = Minecraft.getMinecraft().thePlayer.sendQueue.getPlayerInfoMap().stream().map(NetworkPlayerInfo::getGameProfile).collect(Collectors.toList());
23:32:54 -                                                                                                                                        ^
23:32:54 - 
23:32:54 -   (use -source 8 or higher to enable method references)
23:32:54 - src\minecraft\net\HackChi3\chatMod\hypixel\HypixelPlayers.java:72: error: lambda expressions are not supported in -source 1.6
23:32:54 -                 new Thread(() -> {
23:32:54 -                               ^
23:32:54 - 
23:32:54 -   (use -source 8 or higher to enable lambda expressions)
23:32:54 - src\minecraft\net\HackChi3\chatMod\SpellCecker\SpellChecker.java:23: error: diamond operator is not supported in -source 1.6
23:32:54 -     private static List<Word> words = new ArrayList<>();
23:32:54 -                                                     ^
23:32:54 - 
23:32:54 -   (use -source 7 or higher to enable diamond operator)
23:32:54 - src\minecraft\net\HackChi3\chatMod\SpellCecker\Word.java:9: error: diamond operator is not supported in -source 1.6
23:32:54 -     private final List<String> words = new ArrayList<>();
23:32:54 -                                                      ^
23:32:54 - 
23:32:54 -   (use -source 7 or higher to enable diamond operator)
23:32:54 - src\minecraft\net\HackChi3\event\Event.java:48: error: multi-catch statement is not supported in -source 1.6
23:32:54 -                 catch (IllegalAccessException | InvocationTargetException e)
23:32:54 -                                               ^
23:32:54 - 
23:32:54 -   (use -source 7 or higher to enable multi-catch statement)
23:32:54 - src\minecraft\net\HackChi3\gui\JekasMenu\ListMods.java:195: error: diamond operator is not supported in -source 1.6
23:32:54 -         final List<Module> modules = new ArrayList<>();
23:32:54 -                                                    ^
23:32:54 - 
23:32:54 -   (use -source 7 or higher to enable diamond operator)
23:32:54 - src\minecraft\net\HackChi3\modules\Module.java:13: error: diamond operator is not supported in -source 1.6
23:32:54 -     private final List<Component> options = new ArrayList<>();
23:32:54 -                                                           ^
23:32:54 - 
23:32:54 -   (use -source 7 or higher to enable diamond operator)
23:32:54 - src\minecraft\net\minecraft\client\gui\GuiNewChat.java:27: error: diamond operator is not supported in -source 1.6
23:32:54 -     private final List<String> texts = new ArrayList<>();
23:32:54 -                                                      ^
23:32:54 - 
23:32:54 -   (use -source 7 or higher to enable diamond operator)
23:32:54 - src\minecraft\net\minecraft\client\renderer\EntityRenderer.java:328: error: multi-catch statement is not supported in -source 1.6
23:32:54 -             catch (IOException | JsonSyntaxException ioexception)
23:32:54 -                                ^
23:32:54 - 
23:32:54 -   (use -source 7 or higher to enable multi-catch statement)
23:32:54 - src\minecraft\net\minecraft\client\renderer\EntityRenderer.java:1384: error: lambda expressions are not supported in -source 1.6
23:32:54 -                     crashreportcategory.addCrashSectionCallable("Mouse location", (Callable) () -> String.format("Scaled: (%d, %d). Absolute: (%d, %d)", j1, k1, Mouse.getX(), Mouse.getY()));
23:32:54 -                                                                                                 ^
23:32:54 - 
23:32:54 -   (use -source 8 or higher to enable lambda expressions)
23:32:54 - src\minecraft\net\minecraft\tileentity\TileEntity.java:235: error: lambda expressions are not supported in -source 1.6
23:32:54 -         reportCategory.addCrashSectionCallable("Name", () -> TileEntity.classToNameMap.get(TileEntity.this.getClass()) + " // " + TileEntity.this.getClass().getCanonicalName());
23:32:54 -                                                           ^
23:32:54 - 
23:32:54 -   (use -source 8 or higher to enable lambda expressions)
23:32:54 - src\minecraft\net\minecraft\util\Util.java:22: error: multi-catch statement is not supported in -source 1.6
23:32:54 -         catch (ExecutionException | InterruptedException executionexception)
23:32:54 -                                   ^
23:32:54 - 
23:32:54 -   (use -source 7 or higher to enable multi-catch statement)
23:32:54 - 12 errors
23:32:54 - ==================
23:32:54 - 
23:32:54 - !! Can not find server sources, try decompiling !!
